<?xml version="1.0" encoding="UTF-8"?>
<!-- Generated by org.testng.reporters.JUnitReportReporter -->
<testsuite hostname="DESKTOP-O8HO1OH" name="DriverFacrtory.AppTest" tests="1" failures="0" timestamp="30 Dec 2018 17:01:13 GMT" time="136.690" errors="0">
  <testcase name="startTest" time="136.690" classname="DriverFacrtory.AppTest"/>
</testsuite> <!-- DriverFacrtory.AppTest -->
