<?xml version="1.0" encoding="UTF-8"?>
<!-- Generated by org.testng.reporters.JUnitReportReporter -->
<testsuite hostname="DESKTOP-O8HO1OH" name="DriverFacrtory.AppTest" tests="1" failures="0" timestamp="27 Jan 2019 15:32:44 GMT" time="161.653" errors="0">
  <testcase name="startTest" time="161.653" classname="DriverFacrtory.AppTest"/>
</testsuite> <!-- DriverFacrtory.AppTest -->
